<?xml version="1.0" encoding="UTF-8"?>
<testsuite xmlns:xsi="http://www.w3.org/2001/XMLSchema-instance" xsi:noNamespaceSchemaLocation="https://maven.apache.org/surefire/maven-surefire-plugin/xsd/surefire-test-report.xsd" name="TestSuite" time="30.346" tests="2" errors="0" skipped="0" failures="2">
  <properties>
[...]
</properties>
  <testcase name="runScenario" classname="cucumberOptions.TestNGtestRunner" time="25.453">
    <failure message="expected [No data] but found [Beetroot]" type="java.lang.AssertionError">java.lang.AssertionError: expected [No data] but found [Beetroot]
</failure>
    <system-out><![CDATA[https://rahulshettyacademy.com/seleniumPractise/#/
https://rahulshettyacademy.com/seleniumPractise/#/
]]></system-out>
    <system-err><![CDATA[SLF4J: No SLF4J providers were found.
SLF4J: Defaulting to no-operation (NOP) logger implementation
SLF4J: See https://www.slf4j.org/codes.html#noProviders for further details.
1669982343108	geckodriver	INFO	Listening on 127.0.0.1:22287
1669982343360	geckodriver	INFO	Listening on 127.0.0.1:31408
1669982344395	mozrunner::runner	INFO	Running command: "C:\\Program Files\16699\8M2o3z4i4l3l95a	 mFozrunner::runner	INFO	Running coimrmeafnodx:\ \"fCirefox.exe" "--marionette" "--remote-debuggi:ng-port" "37179" "--remote-allow-h\osts" "localhost" "--remote\-Prograam Files\\Mozlilla Firefox\\firefox.exle" "--marionette" "--remote-debougging-port" "19688" w"---remotoerigins" "http://1-27.0.a0.1:37179/,http:llo/w-hosts" "localhost" "--remote-allow-origins" "http://1/27.0.0.l1:19o688c/,hatltp:host:37179/,http://[::1]:/371/7localhost:196988//" "-no-remote" "-,phttp://[::1]:1r9688/" "-no-reomote" "f-pile" "C:\\Users\\ap33120\\AppData\\Local\\Temp\\rust_mozprofilebGrofile" "C:\\Users\\ap331wLke"20\\A
ppData\\Local\\Temp\\rust_mozprofile22ygKY"
1669982345393	Marionette	INFO	Marionette enabled
1669982345402	Marionette	INFO	Marionette enabled
1669982345409	Marionette	INFO	Listening on port 57510
1669982345421	Marionette	INFO	Listening on port 57511
Read port: 57510
LdrLoadDll: Blocking load of 'qipcap64.dll' -- see http://www.mozilla.com/en-US/blocklist/
LdrLoadDll: Blocking load of 'qipcap64.dll' -- see http://www.mozilla.com/en-US/blocklist/
LdrLoadDll: Blocking load of 'qipcap64.dll' -- see http://www.mozilla.com/en-US/blocklist/
LdrLoadDll: Blocking load of 'qipcap64.dll' -- see http://www.mozilla.com/en-US/blocklist/
Read port: 57511
WebDriver BiDi listening on ws://127.0.0.1:37179
WebDriver BiDi listening on ws://127.0.0.1:19688
1669982345826	Rem1oteAgent	WARN	TLS certificate errors will be 66998igno2345826red f	RemoteAgent	WARN	TLS certificate errors will be ignored for this session
or this session
console.warn: SearchSettings: "get: No settings file exists, new profile?" (new NotFoundError("Could not open the file at C:\\Users\\ap33120\\AppData\\Local\\Temp\\rust_mozprofile22ygKY\\search.json.mozlz4", (void 0)))
console.warn: SearchSettings: "get: No settings file exists, new profile?" (new NotFoundError("Could not open the file at C:\\Users\\ap33120\\AppData\\Local\\Temp\\rust_mozprofilebGwLke\\search.json.mozlz4", (void 0)))
DevTools listening on ws://127.0.0.1:37179/devtools/browser/d1bd69e3-522b-4dee-8927-96942c8f550f
DevTools listening on ws://127.0.0.1:19688/devtools/browser/2f6eabe3-3903-45d5-bb00-8818532ddab0
JavaScript error: resource://gre/modules/URIFixup.sys.mjs, line 304: NS_ERROR_FAILURE: Should pass a non-null uri
1669982361149	Marionette	WARN	TimedPromise timed out after 500 ms: stacktrace:
TimedPromise/<@chrome://remote/content/marionette/sync.sys.mjs:220:24
TimedPromise@chrome://remote/content/marionette/sync.sys.mjs:205:10
interaction.flushEventLoop@chrome://remote/content/marionette/interaction.sys.mjs:425:10
webdriverClickElement@chrome://remote/content/marionette/interaction.sys.mjs:173:31
1669982361588	Marionette	INFO	Stopped listening on port 57510
JavaScript error: resource://gre/modules/Sqlite.sys.mjs, line 1106: Error: Sqlite.jsm has been shutdown. Cannot open connection to: C:\Users\ap33120\AppData\Local\Temp\rust_mozprofile22ygKY\protections.sqlite
]]></system-err>
  </testcase>
  <testcase name="runScenario" classname="cucumberOptions.TestNGtestRunner" time="26.954">
    <failure message="expected [Tomato] but found [Cucumber]" type="java.lang.AssertionError">java.lang.AssertionError: expected [Tomato] but found [Cucumber]
</failure>
    <system-err><![CDATA[1669982363672	Marionette	INFO	Stopped listening on port 57511
]]></system-err>
  </testcase>
</testsuite>