<?xml version="1.0" encoding="UTF-8"?>
<!-- Generated by org.testng.reporters.JUnitReportReporter -->
<testsuite hostname="INHCLH-LHL0590" failures="1" tests="1" name="cucumberOptions.failedTestScenariosRerun" time="9.117" errors="0" timestamp="2022-12-01T12:50:26 IST" skipped="0">
  <testcase classname="cucumberOptions.failedTestScenariosRerun" name="runScenario" time="9.117">
    <failure message="expected [No data] but found [Beetroot]" type="java.lang.AssertionError">
      <![CDATA[java.lang.AssertionError: expected [No data] but found [Beetroot]
at org.testng.Assert.fail(Assert.java:110)
at org.testng.Assert.failNotEquals(Assert.java:1413)
at org.testng.Assert.assertEqualsImpl(Assert.java:149)
at org.testng.Assert.assertEquals(Assert.java:131)
at org.testng.Assert.assertEquals(Assert.java:655)
at org.testng.Assert.assertEquals(Assert.java:665)
at stepDefinations.OffersPageStepDefination.validate_if_products_are_matching(OffersPageStepDefination.java:45)
at ✽.Validate if both are matching or not(file:///D:/Selenium/FreshLearning/E2Ecucumber/src/test/java/features/searchProduct.feature:8)
]]>
    </failure>
  </testcase> <!-- runScenario -->
  <system-out/>
</testsuite> <!-- cucumberOptions.failedTestScenariosRerun -->
